ERROR: 2025/04/27 20:00:20 logger.go:44: [2025-04-27 20:00:20] Failed to execute submit question template: template: submit_question.html:5:49: executing "content" at <.Question.Description>: can't evaluate field Description in type *models.Question
ERROR: 2025/04/27 20:03:08 logger.go:44: [2025-04-27 20:03:08] Failed to execute submit question template: template: submit_question.html:5:49: executing "content" at <.Question.Description>: can't evaluate field Description in type *models.Question
ERROR: 2025/04/27 20:04:18 logger.go:44: [2025-04-27 20:04:18] Failed to execute submit question template: template: submit_question.html:5:49: executing "content" at <.Question.Description>: can't evaluate field Description in type *models.Question
ERROR: 2025/04/27 20:05:48 logger.go:44: [2025-04-27 20:05:48] Failed to execute submit question template: template: submit_question.html:5:49: executing "content" at <.Question.Description>: can't evaluate field Description in type *models.Question
ERROR: 2025/04/27 20:07:54 logger.go:44: [2025-04-27 20:07:54] Failed to execute submit question template: template: submit_question.html:8:33: executing "content" at <.Question.Difficulty>: can't evaluate field Difficulty in type *models.Question
ERROR: 2025/04/27 20:10:54 logger.go:44: [2025-04-27 20:10:54] Failed to execute submit question template: template: submit_question.html:30:33: executing "content" at <.Question.TestCases>: can't evaluate field TestCases in type *models.Question
ERROR: 2025/04/28 10:15:33 logger.go:44: [2025-04-28 10:15:33] Failed to execute view question template: template: base.html:30:13: executing "base" at <.Error>: can't evaluate field Error in type struct { Title string; Question *models.Question }
ERROR: 2025/04/28 10:20:20 logger.go:44: [2025-04-28 10:20:20] Failed to execute view question template: template: base.html:30:13: executing "base" at <.Error>: can't evaluate field Error in type struct { Title string; Question *models.Question }
ERROR: 2025/04/28 10:47:00 logger.go:44: [2025-04-28 10:47:00] Failed to execute view question template: template: base.html:30:13: executing "base" at <.Error>: can't evaluate field Error in type struct { Title string; User *models.User; Question *models.Question }
ERROR: 2025/04/28 10:49:09 logger.go:44: [2025-04-28 10:49:09] Failed to execute view question template: template: base.html:30:13: executing "base" at <.Error>: can't evaluate field Error in type struct { Title string; User *models.User; Question *models.Question }
ERROR: 2025/04/28 10:49:14 logger.go:44: [2025-04-28 10:49:14] Failed to execute view question template: template: base.html:30:13: executing "base" at <.Error>: can't evaluate field Error in type struct { Title string; User *models.User; Question *models.Question }
ERROR: 2025/04/28 11:09:50 logger.go:44: [2025-04-28 11:09:50] Failed to execute published questions template: template: base.html:41:13: executing "base" at <.Error>: can't evaluate field Error in type struct { Title string; User *models.User; QuestionsWithOwners []handlers.QuestionWithOwner }
ERROR: 2025/04/28 11:28:00 logger.go:44: [2025-04-28 11:28:00] Failed to execute published questions template: template: base.html:41:13: executing "base" at <.Error>: can't evaluate field Error in type struct { Title string; User *models.User; QuestionsWithOwners []handlers.QuestionWithOwner }
ERROR: 2025/04/28 11:30:02 logger.go:44: [2025-04-28 11:30:02] Failed to execute published questions template: template: base.html:42:13: executing "base" at <.Error>: can't evaluate field Error in type struct { Title string; User *models.User; QuestionsWithOwners []handlers.QuestionWithOwner }
ERROR: 2025/04/28 11:45:27 logger.go:44: [2025-04-28 11:45:27] Failed to execute published questions template: template: base.html:39:13: executing "base" at <.Error>: can't evaluate field Error in type struct { Title string; User *models.User; QuestionsWithOwners []handlers.QuestionWithOwner }
ERROR: 2025/04/28 13:22:05 logger.go:44: [2025-04-28 13:22:05] Failed to execute my questions template: template: base.html:39:13: executing "base" at <.Error>: can't evaluate field Error in type struct { Title string; User *models.User; Questions []models.Question; IsAdmin bool }
ERROR: 2025/04/28 16:45:57 logger.go:44: [2025-04-28 16:45:57] Failed to execute my questions template: template: base.html:39:13: executing "base" at <.Error>: can't evaluate field Error in type struct { Title string; User *models.User; Questions []models.Question; IsAdmin bool }
ERROR: 2025/04/28 16:48:13 logger.go:44: [2025-04-28 16:48:13] Failed to execute my questions template: template: base.html:39:13: executing "base" at <.Error>: can't evaluate field Error in type struct { Title string; User *models.User; Questions []models.Question; IsAdmin bool }
ERROR: 2025/04/28 16:48:15 logger.go:44: [2025-04-28 16:48:15] Failed to execute my questions template: template: base.html:39:13: executing "base" at <.Error>: can't evaluate field Error in type struct { Title string; User *models.User; Questions []models.Question; IsAdmin bool }
ERROR: 2025/04/28 16:53:55 logger.go:44: [2025-04-28 16:53:55] Failed to execute my questions template: template: base.html:39:13: executing "base" at <.Error>: can't evaluate field Error in type struct { Title string; User *models.User; Questions []models.Question; IsAdmin bool }
ERROR: 2025/04/28 16:53:59 logger.go:44: [2025-04-28 16:53:59] Failed to execute questions template: template: base.html:39:13: executing "base" at <.Error>: can't evaluate field Error in type struct { Title string; User *models.User; QuestionsWithOwners []handlers.QuestionWithOwner }
ERROR: 2025/04/28 16:57:11 logger.go:44: [2025-04-28 16:57:11] Failed to execute my questions template: template: base.html:39:13: executing "base" at <.Error>: can't evaluate field Error in type struct { Title string; User *models.User; Questions []models.Question; IsAdmin bool }
ERROR: 2025/04/28 16:57:15 logger.go:44: [2025-04-28 16:57:15] Failed to execute questions template: template: base.html:39:13: executing "base" at <.Error>: can't evaluate field Error in type struct { Title string; User *models.User; QuestionsWithOwners []handlers.QuestionWithOwner }
ERROR: 2025/04/28 17:11:16 logger.go:44: [2025-04-28 17:11:16] Failed to execute questions template: template: base.html:39:13: executing "base" at <.Error>: can't evaluate field Error in type struct { Title string; User *models.User; QuestionsWithOwners []handlers.QuestionWithOwner }
ERROR: 2025/04/28 17:11:26 logger.go:44: [2025-04-28 17:11:26] Failed to execute my drafts template: template: base.html:39:13: executing "base" at <.Error>: can't evaluate field Error in type struct { Title string; User *models.User; Questions []models.Question }
ERROR: 2025/04/28 17:11:29 logger.go:44: [2025-04-28 17:11:29] Failed to execute questions template: template: base.html:39:13: executing "base" at <.Error>: can't evaluate field Error in type struct { Title string; User *models.User; QuestionsWithOwners []handlers.QuestionWithOwner }
ERROR: 2025/04/28 17:12:22 logger.go:44: [2025-04-28 17:12:22] Failed to delete question: failed to delete question: pq: update or delete on table "questions" violates foreign key constraint "submissions_question_id_fkey" on table "submissions"
ERROR: 2025/04/28 17:12:31 logger.go:44: [2025-04-28 17:12:31] Failed to delete question: failed to delete question: pq: update or delete on table "questions" violates foreign key constraint "submissions_question_id_fkey" on table "submissions"
ERROR: 2025/04/28 17:15:20 logger.go:44: [2025-04-28 17:15:20] Failed to delete question: failed to delete question: pq: update or delete on table "questions" violates foreign key constraint "submissions_question_id_fkey" on table "submissions"
ERROR: 2025/04/28 17:15:52 logger.go:44: [2025-04-28 17:15:52] Failed to execute my drafts template: template: base.html:39:13: executing "base" at <.Error>: can't evaluate field Error in type struct { Title string; User *models.User; Questions []models.Question }
ERROR: 2025/04/28 17:15:55 logger.go:44: [2025-04-28 17:15:55] Failed to execute questions template: template: base.html:39:13: executing "base" at <.Error>: can't evaluate field Error in type struct { Title string; User *models.User; QuestionsWithOwners []handlers.QuestionWithOwner }
ERROR: 2025/04/28 17:16:06 logger.go:44: [2025-04-28 17:16:06] Failed to execute questions template: template: base.html:39:13: executing "base" at <.Error>: can't evaluate field Error in type struct { Title string; User *models.User; QuestionsWithOwners []handlers.QuestionWithOwner }
ERROR: 2025/04/28 17:17:07 logger.go:44: [2025-04-28 17:17:07] Failed to execute questions template: template: base.html:39:13: executing "base" at <.Error>: can't evaluate field Error in type struct { Title string; User *models.User; QuestionsWithOwners []handlers.QuestionWithOwner }
ERROR: 2025/04/28 17:17:10 logger.go:44: [2025-04-28 17:17:10] Failed to execute questions template: template: base.html:39:13: executing "base" at <.Error>: can't evaluate field Error in type struct { Title string; User *models.User; QuestionsWithOwners []handlers.QuestionWithOwner }
ERROR: 2025/04/28 17:17:40 logger.go:44: [2025-04-28 17:17:40] Failed to execute my drafts template: template: base.html:39:13: executing "base" at <.Error>: can't evaluate field Error in type struct { Title string; User *models.User; Questions []models.Question }
ERROR: 2025/04/28 17:17:48 logger.go:44: [2025-04-28 17:17:48] Failed to execute published questions template: template: base.html:39:13: executing "base" at <.Error>: can't evaluate field Error in type struct { Title string; User *models.User; QuestionsWithOwners []handlers.QuestionWithOwner }
ERROR: 2025/04/28 17:18:42 logger.go:44: [2025-04-28 17:18:42] Failed to execute published questions template: template: base.html:39:13: executing "base" at <.Error>: can't evaluate field Error in type struct { Title string; User *models.User; QuestionsWithOwners []handlers.QuestionWithOwner }
ERROR: 2025/04/28 17:18:43 logger.go:44: [2025-04-28 17:18:43] Failed to execute published questions template: template: base.html:39:13: executing "base" at <.Error>: can't evaluate field Error in type struct { Title string; User *models.User; QuestionsWithOwners []handlers.QuestionWithOwner }
ERROR: 2025/04/28 17:19:01 logger.go:44: [2025-04-28 17:19:01] Failed to execute my drafts template: template: base.html:39:13: executing "base" at <.Error>: can't evaluate field Error in type struct { Title string; User *models.User; Questions []models.Question }
ERROR: 2025/04/28 17:19:16 logger.go:44: [2025-04-28 17:19:16] Failed to execute my drafts template: template: base.html:39:13: executing "base" at <.Error>: can't evaluate field Error in type struct { Title string; User *models.User; Questions []models.Question }
ERROR: 2025/04/28 17:21:54 logger.go:44: [2025-04-28 17:21:54] Failed to execute my drafts template: template: base.html:39:13: executing "base" at <.Error>: can't evaluate field Error in type struct { Title string; User *models.User; Questions []models.Question }
ERROR: 2025/04/28 17:21:56 logger.go:44: [2025-04-28 17:21:56] Failed to execute my drafts template: template: base.html:39:13: executing "base" at <.Error>: can't evaluate field Error in type struct { Title string; User *models.User; Questions []models.Question }
ERROR: 2025/04/28 17:22:00 logger.go:44: [2025-04-28 17:22:00] Failed to execute published questions template: template: base.html:39:13: executing "base" at <.Error>: can't evaluate field Error in type struct { Title string; User *models.User; QuestionsWithOwners []handlers.QuestionWithOwner }
ERROR: 2025/04/28 17:22:03 logger.go:44: [2025-04-28 17:22:03] Failed to execute my drafts template: template: base.html:39:13: executing "base" at <.Error>: can't evaluate field Error in type struct { Title string; User *models.User; Questions []models.Question }
ERROR: 2025/04/28 17:22:17 logger.go:44: [2025-04-28 17:22:17] Failed to execute published questions template: template: base.html:39:13: executing "base" at <.Error>: can't evaluate field Error in type struct { Title string; User *models.User; QuestionsWithOwners []handlers.QuestionWithOwner }
ERROR: 2025/04/28 17:23:22 logger.go:44: [2025-04-28 17:23:22] Failed to execute published questions template: template: base.html:39:13: executing "base" at <.Error>: can't evaluate field Error in type struct { Title string; User *models.User; QuestionsWithOwners []handlers.QuestionWithOwner }
ERROR: 2025/04/28 17:24:10 logger.go:44: [2025-04-28 17:24:10] Failed to ping database: pq: password authentication failed for user "postgres"
ERROR: 2025/04/28 17:24:10 logger.go:44: [2025-04-28 17:24:10] Failed to initialize database: error connecting to database: pq: password authentication failed for user "postgres"
ERROR: 2025/04/28 17:24:48 logger.go:44: [2025-04-28 17:24:48] Failed to execute published questions template: template: base.html:39:13: executing "base" at <.Error>: can't evaluate field Error in type struct { Title string; User *models.User; QuestionsWithOwners []handlers.QuestionWithOwner }
ERROR: 2025/04/28 17:35:53 logger.go:44: [2025-04-28 17:35:53] Failed to execute published questions template: template: base.html:39:13: executing "base" at <.Error>: can't evaluate field Error in type struct { Title string; User *models.User; QuestionsWithOwners []handlers.QuestionWithOwner }
ERROR: 2025/04/28 17:37:29 logger.go:44: [2025-04-28 17:37:29] Failed to execute published questions template: template: base.html:39:13: executing "base" at <.Error>: can't evaluate field Error in type struct { Title string; User *models.User; QuestionsWithOwners []handlers.QuestionWithOwner }
ERROR: 2025/04/28 17:37:30 logger.go:44: [2025-04-28 17:37:30] Failed to execute published questions template: template: base.html:39:13: executing "base" at <.Error>: can't evaluate field Error in type struct { Title string; User *models.User; QuestionsWithOwners []handlers.QuestionWithOwner }
ERROR: 2025/04/28 17:38:35 logger.go:44: [2025-04-28 17:38:35] Failed to execute my questions template: template: my-questions.html:25:30: executing "content" at <$.IsAdmin>: can't evaluate field IsAdmin in type handlers.PageData
ERROR: 2025/04/28 17:43:05 logger.go:44: [2025-04-28 17:43:05] Failed to execute my questions template: template: my-questions.html:25:30: executing "content" at <$.IsAdmin>: can't evaluate field IsAdmin in type handlers.PageData
ERROR: 2025/04/28 17:43:08 logger.go:44: [2025-04-28 17:43:08] Failed to execute my questions template: template: my-questions.html:25:30: executing "content" at <$.IsAdmin>: can't evaluate field IsAdmin in type handlers.PageData
ERROR: 2025/04/28 17:43:09 logger.go:44: [2025-04-28 17:43:09] Failed to execute my questions template: template: my-questions.html:25:30: executing "content" at <$.IsAdmin>: can't evaluate field IsAdmin in type handlers.PageData
ERROR: 2025/04/28 17:46:12 logger.go:44: [2025-04-28 17:46:12] Failed to execute my questions template: template: my-questions.html:25:30: executing "content" at <$.IsAdmin>: can't evaluate field IsAdmin in type handlers.PageData
ERROR: 2025/04/28 17:46:14 logger.go:44: [2025-04-28 17:46:14] Failed to execute my questions template: template: my-questions.html:25:30: executing "content" at <$.IsAdmin>: can't evaluate field IsAdmin in type handlers.PageData
ERROR: 2025/04/28 17:48:59 logger.go:44: [2025-04-28 17:48:59] Failed to execute my questions template: template: my-questions.html:25:30: executing "content" at <$.IsAdmin>: can't evaluate field IsAdmin in type handlers.PageData
ERROR: 2025/04/28 18:05:54 logger.go:44: [2025-04-28 18:05:54] Failed to parse manage questions template: open templates/admin-dashboard/manage-questions.html: The system cannot find the file specified.
ERROR: 2025/04/28 18:05:55 logger.go:44: [2025-04-28 18:05:55] Failed to parse manage questions template: open templates/admin-dashboard/manage-questions.html: The system cannot find the file specified.
ERROR: 2025/04/28 18:05:58 logger.go:44: [2025-04-28 18:05:58] Failed to parse manage questions template: open templates/admin-dashboard/manage-questions.html: The system cannot find the file specified.
ERROR: 2025/04/28 18:08:49 logger.go:44: [2025-04-28 18:08:49] Failed to parse manage questions template: open templates/admin-dashboard/manage-questions.html: The system cannot find the file specified.
ERROR: 2025/04/28 18:08:53 logger.go:44: [2025-04-28 18:08:53] Failed to parse published questions template: open templates/public/published-questions.html: The system cannot find the file specified.
ERROR: 2025/04/28 18:14:33 logger.go:44: [2025-04-28 18:14:33] Failed to parse manage questions template: open application/templates/base.html: The system cannot find the path specified.
ERROR: 2025/04/28 18:14:36 logger.go:44: [2025-04-28 18:14:36] Failed to parse published questions template: open application/templates/base.html: The system cannot find the path specified.
ERROR: 2025/04/28 18:14:48 logger.go:44: [2025-04-28 18:14:48] Failed to parse my questions template: open application/templates/base.html: The system cannot find the path specified.
ERROR: 2025/04/28 18:14:51 logger.go:44: [2025-04-28 18:14:51] Failed to parse published questions template: open application/templates/base.html: The system cannot find the path specified.
ERROR: 2025/04/28 18:16:58 logger.go:44: [2025-04-28 18:16:58] Failed to parse my questions template: open application/templates/base.html: The system cannot find the path specified.
ERROR: 2025/04/28 18:17:01 logger.go:44: [2025-04-28 18:17:01] Failed to parse published questions template: open application/templates/base.html: The system cannot find the path specified.
ERROR: 2025/04/28 18:18:33 logger.go:44: [2025-04-28 18:18:33] Failed to parse published questions template: open application/templates/base.html: The system cannot find the path specified.
ERROR: 2025/04/28 18:18:34 logger.go:44: [2025-04-28 18:18:34] Failed to parse published questions template: open application/templates/base.html: The system cannot find the path specified.
ERROR: 2025/04/28 18:18:35 logger.go:44: [2025-04-28 18:18:35] Failed to parse published questions template: open application/templates/base.html: The system cannot find the path specified.
ERROR: 2025/04/28 18:20:04 logger.go:44: [2025-04-28 18:20:04] Failed to parse my questions template: open application/templates/base.html: The system cannot find the path specified.
ERROR: 2025/04/28 18:26:53 logger.go:44: [2025-04-28 18:26:53] Failed to execute edit question template: template: edit-question-form.html:43:41: executing "content" at <.Question.TestCases>: can't evaluate field TestCases in type *models.Question
ERROR: 2025/04/28 21:04:41 logger.go:44: [2025-04-28 21:04:41] Database connection failed: driver: bad connection
ERROR: 2025/04/28 21:15:21 logger.go:44: [2025-04-28 21:15:21] Failed to query published questions: pq: column "language" does not exist
ERROR: 2025/04/28 21:15:21 logger.go:44: [2025-04-28 21:15:21] Failed to fetch published questions: pq: column "language" does not exist
ERROR: 2025/04/28 21:15:26 logger.go:44: [2025-04-28 21:15:26] Failed to query draft questions for user 12: pq: column "language" does not exist
ERROR: 2025/04/28 21:15:26 logger.go:44: [2025-04-28 21:15:26] Failed to fetch user's draft questions: pq: column "language" does not exist
ERROR: 2025/04/28 21:15:30 logger.go:44: [2025-04-28 21:15:30] Failed to query published questions: pq: column "language" does not exist
ERROR: 2025/04/28 21:15:30 logger.go:44: [2025-04-28 21:15:30] Failed to fetch published questions: pq: column "language" does not exist
ERROR: 2025/04/28 21:15:39 logger.go:44: [2025-04-28 21:15:39] Failed to query all questions: pq: column "language" does not exist
ERROR: 2025/04/28 21:15:45 logger.go:44: [2025-04-28 21:15:45] Failed to query all questions: pq: column "language" does not exist
ERROR: 2025/04/28 21:16:29 logger.go:44: [2025-04-28 21:16:29] Failed to query published questions: pq: column "language" does not exist
ERROR: 2025/04/28 21:16:29 logger.go:44: [2025-04-28 21:16:29] Failed to fetch published questions: pq: column "language" does not exist
ERROR: 2025/04/28 21:18:24 logger.go:44: [2025-04-28 21:18:24] Failed to query draft questions for user 12: pq: column "language" does not exist
ERROR: 2025/04/28 21:18:24 logger.go:44: [2025-04-28 21:18:24] Failed to fetch user's draft questions: pq: column "language" does not exist
ERROR: 2025/04/28 21:18:28 logger.go:44: [2025-04-28 21:18:28] Failed to query published questions: pq: column "language" does not exist
ERROR: 2025/04/28 21:18:28 logger.go:44: [2025-04-28 21:18:28] Failed to fetch published questions: pq: column "language" does not exist
ERROR: 2025/04/28 21:21:28 logger.go:44: [2025-04-28 21:21:28] Failed to query published questions: pq: column "language" does not exist
ERROR: 2025/04/28 21:21:28 logger.go:44: [2025-04-28 21:21:28] Failed to fetch published questions: pq: column "language" does not exist
ERROR: 2025/04/28 21:21:33 logger.go:44: [2025-04-28 21:21:33] Failed to query all questions: pq: column "language" does not exist
ERROR: 2025/04/28 21:21:40 logger.go:44: [2025-04-28 21:21:40] Failed to query all questions: pq: column "language" does not exist
ERROR: 2025/04/28 21:26:42 logger.go:44: [2025-04-28 21:26:42] Failed to query all questions: pq: column "language" does not exist
ERROR: 2025/04/28 21:26:42 logger.go:44: [2025-04-28 21:26:42] Failed to fetch questions for home page: pq: column "language" does not exist
ERROR: 2025/04/28 21:26:46 logger.go:44: [2025-04-28 21:26:46] Failed to get authenticated user: http: named cookie not present
ERROR: 2025/04/28 21:26:49 logger.go:44: [2025-04-28 21:26:49] Failed to get authenticated user: http: named cookie not present
ERROR: 2025/04/28 21:29:49 logger.go:44: [2025-04-28 21:29:49] Failed to query all questions: pq: column "language" does not exist
ERROR: 2025/04/28 21:29:49 logger.go:44: [2025-04-28 21:29:49] Failed to fetch questions for home page: pq: column "language" does not exist
ERROR: 2025/04/28 21:32:47 logger.go:44: [2025-04-28 21:32:47] Failed to query all questions: pq: column "language" does not exist
ERROR: 2025/04/28 21:32:47 logger.go:44: [2025-04-28 21:32:47] Failed to fetch questions for home page: pq: column "language" does not exist
ERROR: 2025/04/28 21:32:48 logger.go:44: [2025-04-28 21:32:48] Failed to query all questions: pq: column "language" does not exist
ERROR: 2025/04/28 21:32:48 logger.go:44: [2025-04-28 21:32:48] Failed to fetch questions for home page: pq: column "language" does not exist
ERROR: 2025/04/28 21:32:53 logger.go:44: [2025-04-28 21:32:53] Failed to query all questions: pq: column "language" does not exist
ERROR: 2025/04/28 21:32:53 logger.go:44: [2025-04-28 21:32:53] Failed to fetch questions for home page: pq: column "language" does not exist
ERROR: 2025/04/28 21:35:22 logger.go:44: [2025-04-28 21:35:22] Failed to query all questions: pq: column "language" does not exist
ERROR: 2025/04/28 21:35:22 logger.go:44: [2025-04-28 21:35:22] Failed to fetch questions for home page: pq: column "language" does not exist
ERROR: 2025/04/28 21:37:16 logger.go:44: [2025-04-28 21:37:16] Failed to query all questions: pq: column "language" does not exist
ERROR: 2025/04/28 21:37:16 logger.go:44: [2025-04-28 21:37:16] Failed to fetch questions for home page: pq: column "language" does not exist
ERROR: 2025/04/28 21:37:29 logger.go:44: [2025-04-28 21:37:29] Failed to query draft questions for user 12: pq: column "language" does not exist
ERROR: 2025/04/28 21:37:29 logger.go:44: [2025-04-28 21:37:29] Failed to fetch user's draft questions: pq: column "language" does not exist
ERROR: 2025/04/28 21:37:32 logger.go:44: [2025-04-28 21:37:32] Failed to query published questions: pq: column "language" does not exist
ERROR: 2025/04/28 21:37:32 logger.go:44: [2025-04-28 21:37:32] Failed to fetch published questions: pq: column "language" does not exist
ERROR: 2025/04/28 21:38:00 logger.go:44: [2025-04-28 21:38:00] Failed to query draft questions for user 12: pq: column "language" does not exist
ERROR: 2025/04/28 21:38:00 logger.go:44: [2025-04-28 21:38:00] Failed to fetch user's draft questions: pq: column "language" does not exist
ERROR: 2025/04/28 21:38:03 logger.go:44: [2025-04-28 21:38:03] Failed to query published questions: pq: column "language" does not exist
ERROR: 2025/04/28 21:38:03 logger.go:44: [2025-04-28 21:38:03] Failed to fetch published questions: pq: column "language" does not exist
ERROR: 2025/04/28 21:39:25 logger.go:44: [2025-04-28 21:39:25] Failed to query published questions: pq: column "language" does not exist
ERROR: 2025/04/28 21:39:25 logger.go:44: [2025-04-28 21:39:25] Failed to fetch published questions: pq: column "language" does not exist
ERROR: 2025/04/28 21:39:29 logger.go:44: [2025-04-28 21:39:29] Failed to query draft questions for user 12: pq: column "language" does not exist
ERROR: 2025/04/28 21:39:29 logger.go:44: [2025-04-28 21:39:29] Failed to fetch user's draft questions: pq: column "language" does not exist
ERROR: 2025/04/28 21:39:36 logger.go:44: [2025-04-28 21:39:36] Failed to query published questions: pq: column "language" does not exist
ERROR: 2025/04/28 21:39:36 logger.go:44: [2025-04-28 21:39:36] Failed to fetch published questions: pq: column "language" does not exist
ERROR: 2025/04/28 21:39:40 logger.go:44: [2025-04-28 21:39:40] Failed to query draft questions for user 12: pq: column "language" does not exist
ERROR: 2025/04/28 21:39:40 logger.go:44: [2025-04-28 21:39:40] Failed to fetch user's draft questions: pq: column "language" does not exist
ERROR: 2025/04/28 21:39:42 logger.go:44: [2025-04-28 21:39:42] Failed to query all questions: pq: column "language" does not exist
ERROR: 2025/04/28 21:39:42 logger.go:44: [2025-04-28 21:39:42] Failed to fetch questions for home page: pq: column "language" does not exist
ERROR: 2025/04/28 21:39:46 logger.go:44: [2025-04-28 21:39:46] Failed to query all questions: pq: column "language" does not exist
ERROR: 2025/04/28 21:39:46 logger.go:44: [2025-04-28 21:39:46] Failed to fetch questions for home page: pq: column "language" does not exist
ERROR: 2025/04/28 21:42:33 logger.go:44: [2025-04-28 21:42:33] Failed to query all questions: pq: column "language" does not exist
ERROR: 2025/04/28 21:42:33 logger.go:44: [2025-04-28 21:42:33] Failed to fetch questions for home page: pq: column "language" does not exist
ERROR: 2025/04/28 21:42:54 logger.go:44: [2025-04-28 21:42:54] Failed to query all questions: pq: column "language" does not exist
ERROR: 2025/04/28 21:42:54 logger.go:44: [2025-04-28 21:42:54] Failed to fetch questions for home page: pq: column "language" does not exist
ERROR: 2025/04/28 21:47:45 logger.go:44: [2025-04-28 21:47:45] Failed to query all questions: pq: column "language" does not exist
ERROR: 2025/04/28 21:47:45 logger.go:44: [2025-04-28 21:47:45] Failed to fetch questions for home page: pq: column "language" does not exist
ERROR: 2025/04/28 21:47:46 logger.go:44: [2025-04-28 21:47:46] Failed to query all questions: pq: column "language" does not exist
ERROR: 2025/04/28 21:47:46 logger.go:44: [2025-04-28 21:47:46] Failed to fetch questions for home page: pq: column "language" does not exist
ERROR: 2025/04/28 21:47:49 logger.go:44: [2025-04-28 21:47:49] Failed to query draft questions for user 12: pq: column "language" does not exist
ERROR: 2025/04/28 21:47:49 logger.go:44: [2025-04-28 21:47:49] Failed to fetch user's draft questions: pq: column "language" does not exist
ERROR: 2025/04/28 21:49:24 logger.go:44: [2025-04-28 21:49:24] Failed to query draft questions for user 12: pq: column "language" does not exist
ERROR: 2025/04/28 21:49:24 logger.go:44: [2025-04-28 21:49:24] Failed to fetch user's draft questions: pq: column "language" does not exist
ERROR: 2025/04/28 21:49:31 logger.go:44: [2025-04-28 21:49:31] Failed to query published questions: pq: column "language" does not exist
ERROR: 2025/04/28 21:49:31 logger.go:44: [2025-04-28 21:49:31] Failed to fetch published questions: pq: column "language" does not exist
ERROR: 2025/04/28 21:52:26 logger.go:44: [2025-04-28 21:52:26] Failed to query all questions: pq: column "language" does not exist
ERROR: 2025/04/28 21:52:26 logger.go:44: [2025-04-28 21:52:26] Failed to fetch questions for home page: pq: column "language" does not exist
ERROR: 2025/04/28 21:52:26 logger.go:44: [2025-04-28 21:52:26] Failed to query all questions: pq: column "language" does not exist
ERROR: 2025/04/28 21:52:26 logger.go:44: [2025-04-28 21:52:26] Failed to fetch questions for home page: pq: column "language" does not exist
ERROR: 2025/04/28 21:52:30 logger.go:44: [2025-04-28 21:52:30] Failed to query all questions: pq: column "language" does not exist
ERROR: 2025/04/28 21:52:30 logger.go:44: [2025-04-28 21:52:30] Failed to fetch questions for home page: pq: column "language" does not exist
ERROR: 2025/04/28 21:53:51 logger.go:44: [2025-04-28 21:53:51] Failed to query all questions: pq: column "language" does not exist
ERROR: 2025/04/28 21:53:51 logger.go:44: [2025-04-28 21:53:51] Failed to fetch questions for home page: pq: column "language" does not exist
ERROR: 2025/04/28 21:53:53 logger.go:44: [2025-04-28 21:53:53] Failed to query all questions: pq: column "language" does not exist
ERROR: 2025/04/28 21:53:53 logger.go:44: [2025-04-28 21:53:53] Failed to fetch questions for home page: pq: column "language" does not exist
ERROR: 2025/04/28 21:54:03 logger.go:44: [2025-04-28 21:54:03] Failed to query draft questions for user 12: pq: column "language" does not exist
ERROR: 2025/04/28 21:54:03 logger.go:44: [2025-04-28 21:54:03] Failed to fetch user's draft questions: pq: column "language" does not exist
ERROR: 2025/04/28 21:55:32 logger.go:44: [2025-04-28 21:55:32] Failed to query draft questions for user 12: pq: column "language" does not exist
ERROR: 2025/04/28 21:55:32 logger.go:44: [2025-04-28 21:55:32] Failed to fetch user's draft questions: pq: column "language" does not exist
ERROR: 2025/04/28 22:50:40 logger.go:44: [2025-04-28 22:50:40] Failed to create submissions table: pq: invalid input value for enum submission_status: "Pending"
ERROR: 2025/04/28 22:50:40 logger.go:44: [2025-04-28 22:50:40] Failed to create tables: pq: invalid input value for enum submission_status: "Pending"
ERROR: 2025/04/28 22:50:40 logger.go:44: [2025-04-28 22:50:40] Failed to initialize database: error creating tables: pq: invalid input value for enum submission_status: "Pending"
