2025/06/05 18:22:47 logger.go:61: Application started
2025/06/05 18:22:47 logger.go:61: Initializing database connection...
2025/06/05 18:22:47 logger.go:61: Opening database connection...
2025/06/05 18:22:47 logger.go:61: Pinging database...
2025/06/05 18:22:47 logger.go:61: Database connection successful
2025/06/05 18:22:47 logger.go:61: Testing database access...
2025/06/05 18:22:47 logger.go:61: Database access test successful
2025/06/05 18:22:47 logger.go:61: Creating tables if they don't exist...
2025/06/05 18:22:47 logger.go:61: Creating users table...
2025/06/05 18:22:47 logger.go:61: Users table created successfully
2025/06/05 18:22:47 logger.go:61: Creating questions table...
2025/06/05 18:22:47 logger.go:61: Questions table created successfully
2025/06/05 18:22:47 logger.go:61: Creating submissions table...
2025/06/05 18:22:47 logger.go:61: Submissions table created successfully
2025/06/05 18:22:47 logger.go:61: Tables created successfully
2025/06/05 18:22:47 logger.go:61: Inserting test data...
2025/06/05 18:22:47 logger.go:61: Checking for existing test data...
2025/06/05 18:22:47 logger.go:61: Checking for test user...
2025/06/05 18:22:47 logger.go:61: Test user not found, creating...
2025/06/05 18:22:47 logger.go:61: Failed to create test user: %v pq: invalid input value for enum user_role: "user"
2025/06/05 18:22:47 logger.go:61: Error inserting test data: %v pq: invalid input value for enum user_role: "user"
2025/06/05 18:22:47 logger.go:61: Verifying test data...
2025/06/05 18:22:47 logger.go:61: Found %d questions in database 0
2025/06/05 18:22:47 logger.go:61: Found %d users in database 0
2025/06/05 18:23:11 logger.go:61: Database connection successful
2025/06/05 18:23:11 logger.go:61: Executing query: %s 
		SELECT id, title, statement, time_limit_ms, memory_limit_mb, 
		       status, owner_id, created_at, updated_at, test_input, test_output
		FROM questions
		ORDER BY created_at DESC
	
2025/06/05 18:23:11 logger.go:61: Failed to query all questions: %v pq: column "test_input" does not exist
